unityLibrary/build/intermediates/manifest_merge_blame_file/debug/manifest-merger-blame-debug-report.txt
1<?xml version="1.0" encoding="utf-8"?>
2<!-- GENERATED BY UNITY. REMOVE THIS COMMENT TO PREVENT OVERWRITING WHEN EXPORTING AGAIN -->
3<manifest xmlns:android="http://schemas.android.com/apk/res/android"
4    xmlns:tools="http://schemas.android.com/tools"
5    package="com.unity3d.player"
6    android:versionCode="1"
7    android:versionName="0.1" >
8
9    <uses-sdk
10        android:minSdkVersion="19"
10-->src/main/AndroidManifest.xml
11        android:targetSdkVersion="29" />
11-->src/main/AndroidManifest.xml
12
13    <uses-permission android:name="android.permission.INTERNET" />
13-->src/main/AndroidManifest.xml:4:3-65
13-->src/main/AndroidManifest.xml:4:20-62
14    <uses-permission android:name="android.permission.ACCESS_NETWORK_STATE" />
14-->src/main/AndroidManifest.xml:5:3-77
14-->src/main/AndroidManifest.xml:5:20-74
15
16    <uses-feature android:glEsVersion="0x00030000" />
16-->src/main/AndroidManifest.xml:21:3-52
16-->src/main/AndroidManifest.xml:21:17-49
17    <uses-feature
17-->src/main/AndroidManifest.xml:22:3-91
18        android:name="android.hardware.vulkan.version"
18-->src/main/AndroidManifest.xml:22:17-63
19        android:required="false" />
19-->src/main/AndroidManifest.xml:22:64-88
20    <uses-feature
20-->src/main/AndroidManifest.xml:23:3-88
21        android:name="android.hardware.touchscreen"
21-->src/main/AndroidManifest.xml:23:17-60
22        android:required="false" />
22-->src/main/AndroidManifest.xml:23:61-85
23    <uses-feature
23-->src/main/AndroidManifest.xml:24:3-99
24        android:name="android.hardware.touchscreen.multitouch"
24-->src/main/AndroidManifest.xml:24:17-71
25        android:required="false" />
25-->src/main/AndroidManifest.xml:24:72-96
26    <uses-feature
26-->src/main/AndroidManifest.xml:25:3-108
27        android:name="android.hardware.touchscreen.multitouch.distinct"
27-->src/main/AndroidManifest.xml:25:17-80
28        android:required="false" />
28-->src/main/AndroidManifest.xml:25:81-105
29
30    <application>
30-->src/main/AndroidManifest.xml:6:3-20:17
31        <activity
31-->src/main/AndroidManifest.xml:7:5-14:16
32            android:name="com.unity3d.player.UnityPlayerActivity"
32-->src/main/AndroidManifest.xml:7:15-68
33            android:configChanges="mcc|mnc|locale|touchscreen|keyboard|keyboardHidden|navigation|orientation|screenLayout|uiMode|screenSize|smallestScreenSize|fontScale|layoutDirection|density"
33-->src/main/AndroidManifest.xml:7:182-363
34            android:hardwareAccelerated="false"
34-->src/main/AndroidManifest.xml:7:364-399
35            android:launchMode="singleTask"
35-->src/main/AndroidManifest.xml:7:150-181
36            android:screenOrientation="fullSensor"
36-->src/main/AndroidManifest.xml:7:111-149
37            android:theme="@style/UnityThemeSelector" >
37-->src/main/AndroidManifest.xml:7:69-110
38            <intent-filter>
38-->src/main/AndroidManifest.xml:8:7-11:23
39                <action android:name="android.intent.action.MAIN" />
39-->src/main/AndroidManifest.xml:9:9-61
39-->src/main/AndroidManifest.xml:9:17-58
40
41                <category android:name="android.intent.category.LAUNCHER" />
41-->src/main/AndroidManifest.xml:10:9-69
41-->src/main/AndroidManifest.xml:10:19-66
42            </intent-filter>
43
44            <meta-data
44-->src/main/AndroidManifest.xml:12:7-82
45                android:name="unityplayer.UnityActivity"
45-->src/main/AndroidManifest.xml:12:18-58
46                android:value="true" />
46-->src/main/AndroidManifest.xml:12:59-79
47            <meta-data
47-->src/main/AndroidManifest.xml:13:7-78
48                android:name="android.notch_support"
48-->src/main/AndroidManifest.xml:13:18-54
49                android:value="true" />
49-->src/main/AndroidManifest.xml:13:55-75
50        </activity>
51
52        <meta-data
52-->src/main/AndroidManifest.xml:15:5-127
53            android:name="io.sentry.dsn"
53-->src/main/AndroidManifest.xml:15:16-44
54            android:value="https://0e4e445b0706421bba4b91d957acb0c6@crash.tennisfeed.net/2" />
54-->src/main/AndroidManifest.xml:15:45-124
55        <meta-data
55-->src/main/AndroidManifest.xml:16:5-69
56            android:name="unity.splash-mode"
56-->src/main/AndroidManifest.xml:16:16-48
57            android:value="0" />
57-->src/main/AndroidManifest.xml:16:49-66
58        <meta-data
58-->src/main/AndroidManifest.xml:17:5-74
59            android:name="unity.splash-enable"
59-->src/main/AndroidManifest.xml:17:16-50
60            android:value="True" />
60-->src/main/AndroidManifest.xml:17:51-71
61        <meta-data
61-->src/main/AndroidManifest.xml:18:5-81
62            android:name="notch.config"
62-->src/main/AndroidManifest.xml:18:16-43
63            android:value="portrait|landscape" />
63-->src/main/AndroidManifest.xml:18:44-78
64        <meta-data
64-->src/main/AndroidManifest.xml:19:5-101
65            android:name="unity.build-id"
65-->src/main/AndroidManifest.xml:19:16-45
66            android:value="d074f022-c1f8-439b-a099-8e6ee4958ccf" />
66-->src/main/AndroidManifest.xml:19:46-98
67    </application>
68
69</manifest>